#
# There is insufficient memory for the Java Runtime Environment to continue.
# Native memory allocation (mmap) failed to map 266338304 bytes for G1 virtual space
# Possible reasons:
#   The system is out of physical RAM or swap space
#   The process is running with CompressedOops enabled, and the Java Heap may be blocking the growth of the native heap
# Possible solutions:
#   Reduce memory load on the system
#   Increase physical memory or swap space
#   Check if swap backing store is full
#   Decrease Java heap size (-Xmx/-Xms)
#   Decrease number of Java threads
#   Decrease Java thread stack sizes (-Xss)
#   Set larger code cache with -XX:ReservedCodeCacheSize=
#   JVM is running with Zero Based Compressed Oops mode in which the Java heap is
#     placed in the first 32GB address space. The Java Heap base address is the
#     maximum limit for the native heap growth. Please use -XX:HeapBaseMinAddress
#     to set the Java Heap base and to place the Java Heap above 32GB virtual address.
# This output file may be truncated or incomplete.
#
#  Out of Memory Error (os_windows.cpp:3753), pid=18068, tid=14920
#
# JRE version:  (17.0.4.1+7) (build )
# Java VM: OpenJDK 64-Bit Server VM (17.0.4.1+7-b469.62, mixed mode, sharing, tiered, compressed oops, compressed class ptrs, g1 gc, windows-amd64)
# No core dump will be written. Minidumps are not enabled by default on client versions of Windows
#

---------------  S U M M A R Y ------------

Command Line: git4idea.http.GitAskPassApp Username for 'https://github.com': 

Host: Intel(R) Core(TM) i7-10510U CPU @ 1.80GHz, 8 cores, 15G,  Windows 11 , 64 bit Build 25188 (10.0.25188.1000)
Time: Sun Dec 11 17:22:33 2022 Paris, Madrid elapsed time: 0.010170 seconds (0d 0h 0m 0s)

---------------  T H R E A D  ---------------

Current thread (0x000002af1d66c7c0):  JavaThread "Unknown thread" [_thread_in_vm, id=14920, stack(0x000000c5cd000000,0x000000c5cd100000)]

Stack: [0x000000c5cd000000,0x000000c5cd100000]
Native frames: (J=compiled Java code, j=interpreted, Vv=VM code, C=native code)
V  [jvm.dll+0x68356a]
V  [jvm.dll+0x83fab4]
V  [jvm.dll+0x84125e]
V  [jvm.dll+0x8418c3]
V  [jvm.dll+0x249735]
V  [jvm.dll+0x680439]
V  [jvm.dll+0x674a7a]
V  [jvm.dll+0x30956b]
V  [jvm.dll+0x310a26]
V  [jvm.dll+0x36089e]
V  [jvm.dll+0x360acf]
V  [jvm.dll+0x2df658]
V  [jvm.dll+0x2e05c4]
V  [jvm.dll+0x8112a1]
V  [jvm.dll+0x36e6f1]
V  [jvm.dll+0x7f076c]
V  [jvm.dll+0x3f180f]
V  [jvm.dll+0x3f3351]
C  [jli.dll+0x526b]
C  [ucrtbase.dll+0x6a0e1]
C  [KERNEL32.DLL+0x1458d]
C  [ntdll.dll+0x67558]


---------------  P R O C E S S  ---------------

Threads class SMR info:
_java_thread_list=0x00007ffa1a4f7f58, length=0, elements={
}

Java Threads: ( => current thread )

Other Threads:
  0x000002af1d6d4f30 GCTaskThread "GC Thread#0" [stack: 0x000000c5cd100000,0x000000c5cd200000] [id=19400]
  0x000002af1d6e5bf0 ConcurrentGCThread "G1 Main Marker" [stack: 0x000000c5cd200000,0x000000c5cd300000] [id=5692]
  0x000002af1d6e68b0 ConcurrentGCThread "G1 Conc#0" [stack: 0x000000c5cd300000,0x000000c5cd400000] [id=19816]

[error occurred during error reporting (printing all threads), id 0xc0000005, EXCEPTION_ACCESS_VIOLATION (0xc0000005) at pc=0x00007ffa19cb0217]

VM state: not at safepoint (not fully initialized)

VM Mutex/Monitor currently owned by a thread:  ([mutex/lock_event])
[0x000002af1d669560] Heap_lock - owner thread: 0x000002af1d66c7c0

Heap address: 0x0000000702800000, size: 4056 MB, Compressed Oops mode: Zero based, Oop shift amount: 3

CDS archive(s) mapped at: [0x0000000000000000-0x0000000000000000-0x0000000000000000), size 0, SharedBaseAddress: 0x0000000800000000, ArchiveRelocationMode: 0.
Narrow klass base: 0x0000000000000000, Narrow klass shift: 0, Narrow klass range: 0x0

GC Precious Log:
<Empty>

Heap:
 garbage-first heap   total 0K, used 0K [0x0000000702800000, 0x0000000800000000)
  region size 2048K, 0 young (0K), 0 survivors (0K)

[error occurred during error reporting (printing heap information), id 0xc0000005, EXCEPTION_ACCESS_VIOLATION (0xc0000005) at pc=0x00007ffa1a09d1f9]

GC Heap History (0 events):
No events

Deoptimization events (0 events):
No events

Classes unloaded (0 events):
No events

Classes redefined (0 events):
No events

Internal exceptions (0 events):
No events

VM Operations (0 events):
No events

Events (1 events):
Event: 0.006 Loaded shared library D:\Intellij IDEA\IntelliJ IDEA 2022.2.3\jbr\bin\java.dll


Dynamic libraries:
0x00007ff7eede0000 - 0x00007ff7eedea000 	D:\Intellij IDEA\IntelliJ IDEA 2022.2.3\jbr\bin\java.exe
0x00007ffa8eed0000 - 0x00007ffa8f0e9000 	C:\WINDOWS\SYSTEM32\ntdll.dll
0x00007ffa8e930000 - 0x00007ffa8e9f2000 	C:\WINDOWS\System32\KERNEL32.DLL
0x00007ffa8c5c0000 - 0x00007ffa8c95f000 	C:\WINDOWS\System32\KERNELBASE.dll
0x0000000063580000 - 0x00000000638b0000 	C:\Program Files\Norton Security\NortonData\22.20.5.39\Definitions\IPSDefs\20221209.061\IPSEng64.dll
0x00007ffa8ec90000 - 0x00007ffa8ed3f000 	C:\WINDOWS\System32\ADVAPI32.dll
0x00007ffa8cc80000 - 0x00007ffa8cd27000 	C:\WINDOWS\System32\msvcrt.dll
0x00007ffa8eb00000 - 0x00007ffa8ebaa000 	C:\WINDOWS\System32\sechost.dll
0x00007ffa8d5f0000 - 0x00007ffa8d717000 	C:\WINDOWS\System32\RPCRT4.dll
0x00007ffa8d890000 - 0x00007ffa8d898000 	C:\WINDOWS\System32\PSAPI.DLL
0x00007ffa8c2b0000 - 0x00007ffa8c3b9000 	C:\WINDOWS\System32\ucrtbase.dll
0x00007ffa817f0000 - 0x00007ffa81807000 	D:\Intellij IDEA\IntelliJ IDEA 2022.2.3\jbr\bin\jli.dll
0x00007ffa82050000 - 0x00007ffa8206b000 	D:\Intellij IDEA\IntelliJ IDEA 2022.2.3\jbr\bin\VCRUNTIME140.dll
0x00007ffa8cf60000 - 0x00007ffa8d10c000 	C:\WINDOWS\System32\USER32.dll
0x00007ffa8c4d0000 - 0x00007ffa8c4f6000 	C:\WINDOWS\System32\win32u.dll
0x00007ffa8d720000 - 0x00007ffa8d749000 	C:\WINDOWS\System32\GDI32.dll
0x00007ffa69bf0000 - 0x00007ffa69e7e000 	C:\WINDOWS\WinSxS\amd64_microsoft.windows.common-controls_6595b64144ccf1df_6.0.25188.1000_none_79003e7f0fe4f35d\COMCTL32.dll
0x00007ffa8cae0000 - 0x00007ffa8cbf2000 	C:\WINDOWS\System32\gdi32full.dll
0x00007ffa8c3c0000 - 0x00007ffa8c45a000 	C:\WINDOWS\System32\msvcp_win.dll
0x00007ffa8e0a0000 - 0x00007ffa8e0d1000 	C:\WINDOWS\System32\IMM32.DLL
0x00007ffa823b0000 - 0x00007ffa823bc000 	D:\Intellij IDEA\IntelliJ IDEA 2022.2.3\jbr\bin\vcruntime140_1.dll
0x00007ffa6fc20000 - 0x00007ffa6fcad000 	D:\Intellij IDEA\IntelliJ IDEA 2022.2.3\jbr\bin\msvcp140.dll
0x00007ffa199c0000 - 0x00007ffa1a629000 	D:\Intellij IDEA\IntelliJ IDEA 2022.2.3\jbr\bin\server\jvm.dll
0x00007ffa613a0000 - 0x00007ffa613a9000 	C:\WINDOWS\SYSTEM32\WSOCK32.dll
0x00007ffa89080000 - 0x00007ffa890b6000 	C:\WINDOWS\SYSTEM32\WINMM.dll
0x00007ffa8cee0000 - 0x00007ffa8cf4f000 	C:\WINDOWS\System32\WS2_32.dll
0x00007ffa7eff0000 - 0x00007ffa7effa000 	C:\WINDOWS\SYSTEM32\VERSION.dll
0x00007ffa8b330000 - 0x00007ffa8b348000 	C:\WINDOWS\SYSTEM32\kernel.appcore.dll
0x00007ffa81a20000 - 0x00007ffa81a2a000 	D:\Intellij IDEA\IntelliJ IDEA 2022.2.3\jbr\bin\jimage.dll
0x00007ffa897e0000 - 0x00007ffa89a11000 	C:\WINDOWS\SYSTEM32\DBGHELP.DLL
0x00007ffa8d260000 - 0x00007ffa8d5e9000 	C:\WINDOWS\System32\combase.dll
0x00007ffa8ebb0000 - 0x00007ffa8ec87000 	C:\WINDOWS\System32\OLEAUT32.dll
0x00007ffa655e0000 - 0x00007ffa65612000 	C:\WINDOWS\SYSTEM32\dbgcore.DLL
0x00007ffa8cc00000 - 0x00007ffa8cc7b000 	C:\WINDOWS\System32\bcryptPrimitives.dll
0x00007ffa770b0000 - 0x00007ffa770d5000 	D:\Intellij IDEA\IntelliJ IDEA 2022.2.3\jbr\bin\java.dll

dbghelp: loaded successfully - version: 4.0.5 - missing functions: none
symbol engine: initialized successfully - sym options: 0x614 - pdb path: .;D:\Intellij IDEA\IntelliJ IDEA 2022.2.3\jbr\bin;C:\WINDOWS\SYSTEM32;C:\Program Files\Norton Security\NortonData\22.20.5.39\Definitions\IPSDefs\20221209.061;C:\WINDOWS\WinSxS\amd64_microsoft.windows.common-controls_6595b64144ccf1df_6.0.25188.1000_none_79003e7f0fe4f35d;D:\Intellij IDEA\IntelliJ IDEA 2022.2.3\jbr\bin\server

VM Arguments:
java_command: git4idea.http.GitAskPassApp Username for 'https://github.com': 
java_class_path (initial): D:/Intellij IDEA/IntelliJ IDEA 2022.2.3/plugins/git4idea/lib/git4idea-rt.jar;D:/Intellij IDEA/IntelliJ IDEA 2022.2.3/lib/externalProcess-rt.jar;D:/Intellij IDEA/IntelliJ IDEA 2022.2.3/lib/app.jar;D:/Intellij IDEA/IntelliJ IDEA 2022.2.3/lib/3rd-party-rt.jar
Launcher Type: SUN_STANDARD

[Global flags]
     intx CICompilerCount                          = 4                                         {product} {ergonomic}
     uint ConcGCThreads                            = 2                                         {product} {ergonomic}
     uint G1ConcRefinementThreads                  = 8                                         {product} {ergonomic}
   size_t G1HeapRegionSize                         = 2097152                                   {product} {ergonomic}
    uintx GCDrainStackTargetSize                   = 64                                        {product} {ergonomic}
   size_t InitialHeapSize                          = 266338304                                 {product} {ergonomic}
   size_t MarkStackSize                            = 4194304                                   {product} {ergonomic}
   size_t MaxHeapSize                              = 4253024256                                {product} {ergonomic}
   size_t MinHeapDeltaBytes                        = 2097152                                   {product} {ergonomic}
   size_t MinHeapSize                              = 8388608                                   {product} {ergonomic}
    uintx NonNMethodCodeHeapSize                   = 5839372                                {pd product} {ergonomic}
    uintx NonProfiledCodeHeapSize                  = 122909434                              {pd product} {ergonomic}
    uintx ProfiledCodeHeapSize                     = 122909434                              {pd product} {ergonomic}
    uintx ReservedCodeCacheSize                    = 251658240                              {pd product} {ergonomic}
     bool SegmentedCodeCache                       = true                                      {product} {ergonomic}
   size_t SoftMaxHeapSize                          = 4253024256                             {manageable} {ergonomic}
     bool UseCompressedClassPointers               = true                           {product lp64_product} {ergonomic}
     bool UseCompressedOops                        = true                           {product lp64_product} {ergonomic}
     bool UseG1GC                                  = true                                      {product} {ergonomic}
     bool UseLargePagesIndividualAllocation        = false                                  {pd product} {ergonomic}

Logging:
Log output configuration:
 #0: stdout all=warning uptime,level,tags
 #1: stderr all=off uptime,level,tags

Environment Variables:
PATH=C:\Program Files\Git\mingw64\libexec\git-core;C:\Program Files\Git\mingw64\libexec\git-core;C:\Program Files\Git\mingw64\bin;C:\Program Files\Git\usr\bin;C:\Users\flori\bin;C:\Python310\Scripts;C:\Python310;C:\Program Files (x86)\Common Files\Intel\Shared Libraries\redist\intel64\compiler;C:\Program Files\Common Files\Oracle\Java\javapath;C:\Program Files (x86)\Common Files\Oracle\Java\javapath;C:\Windows\system32;C:\Windows;C:\Windows\System32\Wbem;C:\Windows\System32\WindowsPowerShell\v1.0;C:\Windows\System32\OpenSSH;C:\Program Files (x86)\NVIDIA Corporation\PhysX\Common;C:\altera\90sp2\quartus\bin;C:\Program Files\dotnet;C:\WINDOWS\system32;C:\WINDOWS;C:\WINDOWS\System32\Wbem;C:\WINDOWS\System32\WindowsPowerShell\v1.0;C:\WINDOWS\System32\OpenSSH;C:\Program Files\Microsoft SQL Server\130\Tools\Binn;C:\Program Files\Microsoft SQL Server\Client SDK\ODBC\170\Tools\Binn;C:\Program Files\Java\jre1.8.0_301\bin;C:\Users\flori\OneDrive\Bureau\Nouveau dossier\Flashpoint 8.2 Infinity\FPSoftware\Java\JDK_1.8.0_181\bin;C:\Program Files\Java\jdk-17\bin;C:\Program Files\Git\cmd;C:\php;C:\Program Files\NVIDIA Corporation\NVIDIA NvDLISR;C:\Program Files\mingw-w64\x86_64-8.1.0-win32-seh-rt_v6-rev0\mingw64\bin;C:\WINDOWS\system32;C:\WINDOWS;C:\WINDOWS\System32\Wbem;C:\WINDOWS\System32\WindowsPowerShell\v1.0;C:\WINDOWS\System32\OpenSSH;C:\Users\flori\AppData\Roaming\nvm;C:\Program Files\nodejs;D:\nodejs;C:\ProgramData\chocolatey\bin;C:\Users\flori\scoop\shims;C:\Users\flori\AppData\Local\Microsoft\WindowsApps;C:\Users\flori\.dotnet\tools;C:\Program Files\Java\jre1.8.0_301\bin;C:\Users\flori\OneDrive\Bureau\Nouveau dossier\Flashpoint 8.2 Infinity\FPSoftware\Java\JDK_1.8.0_181\bin;C:\Program Files\Java\jdk-17\bin;D:\phpstorm sadge\PhpStorm 2021.2.2\bin;C:\Users\flori\AppData\Local\GitHubDesktop\bin;D:\idea intellij\IntelliJ IDEA 2021.3\bin;D:\vscode\Microsoft VS Code\bin;C:\php;D:\CLion 2021.3.4\bin;C:\Users\flori\AppData\Roaming\nvm;C:\Program Files\nodejs;C:\Users\flori\AppData\Ro
USERNAME=flori
DISPLAY=:0.0
LC_ALL=en_US.UTF-8
TERM=cygwin
TMPDIR=C:\Users\flori\AppData\Local\Temp
OS=Windows_NT
PROCESSOR_IDENTIFIER=Intel64 Family 6 Model 142 Stepping 12, GenuineIntel
TMP=C:\Users\flori\AppData\Local\Temp
TEMP=C:\Users\flori\AppData\Local\Temp



---------------  S Y S T E M  ---------------

OS:
 Windows 11 , 64 bit Build 25188 (10.0.25188.1000)
OS uptime: 1 days 4:29 hours
Hyper-V role detected

CPU: total 8 (initial active 8) (4 cores per cpu, 2 threads per core) family 6 model 142 stepping 12 microcode 0xde, cx8, cmov, fxsr, ht, mmx, 3dnowpref, sse, sse2, sse3, ssse3, sse4.1, sse4.2, popcnt, lzcnt, tsc, tscinvbit, avx, avx2, aes, erms, clmul, bmi1, bmi2, adx, fma, vzeroupper, clflush, clflushopt, hv

Memory: 4k page, system-wide physical 16217M (1327M free)
TotalPageFile size 49393M (AvailPageFile size 118M)
current process WorkingSet (physical memory assigned to process): 12M, peak: 12M
current process commit charge ("private bytes"): 61M, peak: 315M

vm_info: OpenJDK 64-Bit Server VM (17.0.4.1+7-b469.62) for windows-amd64 JRE (17.0.4.1+7-b469.62), built on 2022-09-22 by "builduser" with MS VC++ 16.10 / 16.11 (VS2019)

END.
